<?xml version="1.0" encoding="UTF-8"?>
<!-- Generated by org.testng.reporters.JUnitReportReporter -->
<testsuite hostname="LAPTOP-ST7GOG8B" failures="0" tests="7" name="Base.A145_CarLoan" time="0.018" errors="0" timestamp="2020-12-11T16:48:58 IST" skipped="1">
  <testcase classname="Base.A145_CarLoan" name="mobiledignoutCarLoan" time="0.004"/>
  <system-out/>
  <testcase classname="Base.A145_CarLoan" name="mobileLoginCarLoan" time="0.005"/>
  <system-out/>
  <testcase classname="Base.A145_CarLoan" name="APILoginCarLoan" time="0.001"/>
  <system-out/>
  <testcase classname="Base.A145_CarLoan" name="mobilesigninCarLoan" time="0.002"/>
  <system-out/>
  <testcase classname="Base.A145_CarLoan" name="mobileLoginCarLoan" time="0.003"/>
  <system-out/>
  <testcase classname="Base.A145_CarLoan" name="mobileLoginCarLoan" time="0.003"/>
  <system-out/>
  <testcase classname="Base.A145_CarLoan" name="webLoginCarLoan">
    <skipped/>
  </testcase> <!-- webLoginCarLoan -->
  <system-out/>
</testsuite> <!-- Base.A145_CarLoan -->
