<?xml version="1.0" encoding="UTF-8"?>
<!-- Generated by org.testng.reporters.JUnitReportReporter -->
<testsuite hostname="LAPTOP-ST7GOG8B" failures="0" tests="1" name="Base.A144_SecondTestNG" time="0.002" errors="0" timestamp="2020-12-11T16:48:58 IST" skipped="0">
  <testcase classname="Base.A144_SecondTestNG" name="secondDay" time="0.002"/>
  <system-out/>
</testsuite> <!-- Base.A144_SecondTestNG -->
