<?xml version="1.0" encoding="UTF-8"?>
<!-- Generated by org.testng.reporters.JUnitReportReporter -->
<testsuite hostname="LAPTOP-ST7GOG8B" failures="0" tests="1" name="Base.A145_PersonalLoan" time="0.001" errors="0" timestamp="2020-12-09T23:06:35 IST" skipped="0">
  <testcase classname="Base.A145_PersonalLoan" name="APILoginpersoanlLoan" time="0.001"/>
  <system-out/>
</testsuite> <!-- Base.A145_PersonalLoan -->
