<?xml version="1.0" encoding="UTF-8"?>
<!-- Generated by org.testng.reporters.JUnitReportReporter -->
<testsuite hostname="LAPTOP-ST7GOG8B" failures="0" tests="1" name="Section25ExtentReports.A173_ExtentReports" time="7.390" errors="0" timestamp="2020-12-13T13:45:52 IST" skipped="0">
  <testcase classname="Section25ExtentReports.A173_ExtentReports" name="browserTest" time="7.390"/>
  <system-out/>
</testsuite> <!-- Section25ExtentReports.A173_ExtentReports -->
