<?xml version="1.0" encoding="UTF-8"?>
<!-- Generated by org.testng.reporters.JUnitReportReporter -->
<testsuite hostname="LAPTOP-ST7GOG8B" failures="0" tests="1" name="testcases.A198_LoginTestCaseFactory" time="20.745" errors="0" timestamp="2020-12-14T18:26:29 IST" skipped="0">
  <testcase classname="testcases.A198_LoginTestCaseFactory" name="loginCase" time="20.745"/>
  <system-out/>
</testsuite> <!-- testcases.A198_LoginTestCaseFactory -->
