<?xml version="1.0" encoding="UTF-8"?>
<!-- Generated by org.testng.reporters.JUnitReportReporter -->
<testsuite hostname="LAPTOP-ST7GOG8B" failures="0" tests="1" name="testcases.A193_LoginTestCase" time="11.216" errors="0" timestamp="2020-12-14T17:33:48 IST" skipped="0">
  <testcase classname="testcases.A193_LoginTestCase" name="loginCase" time="11.216"/>
  <system-out/>
</testsuite> <!-- testcases.A193_LoginTestCase -->
